<?xml version="1.0" encoding="UTF-8"?>
<testng-results ignored="0" total="1" passed="1" failed="0" skipped="0">
  <reporter-output>
  </reporter-output>
  <suite started-at="2023-08-14T15:16:15 IST" name="Default suite" finished-at="2023-08-14T15:17:08 IST" duration-ms="52294">
    <groups>
    </groups>
    <test started-at="2023-08-14T15:16:15 IST" name="Default test" finished-at="2023-08-14T15:17:08 IST" duration-ms="52294">
      <class name="com.healthCare.executepageclasses.CaptureVitalsTestClass">
        <test-method is-config="true" signature="beforeMethod()[pri:0, instance:com.healthCare.executepageclasses.CaptureVitalsTestClass@7e057f43]" started-at="2023-08-14T15:16:16 IST" name="beforeMethod" finished-at="2023-08-14T15:16:25 IST" duration-ms="8655" status="PASS">
          <reporter-output>
          </reporter-output>
        </test-method> <!-- beforeMethod -->
        <test-method signature="verifyAllAddVitalDetailsOfRegisteredPatient(java.lang.String,java.lang.String)[pri:0, instance:com.healthCare.executepageclasses.CaptureVitalsTestClass@7e057f43]" started-at="2023-08-14T15:16:25 IST" name="verifyAllAddVitalDetailsOfRegisteredPatient" data-provider="login" finished-at="2023-08-14T15:17:08 IST" duration-ms="42744" status="PASS">
          <params>
            <param index="0">
              <value>
                <![CDATA[admin]]>
              </value>
            </param>
            <param index="1">
              <value>
                <![CDATA[Admin123]]>
              </value>
            </param>
          </params>
          <reporter-output>
          </reporter-output>
        </test-method> <!-- verifyAllAddVitalDetailsOfRegisteredPatient -->
        <test-method is-config="true" signature="afterMethod()[pri:0, instance:com.healthCare.executepageclasses.CaptureVitalsTestClass@7e057f43]" started-at="2023-08-14T15:17:08 IST" name="afterMethod" finished-at="2023-08-14T15:17:08 IST" duration-ms="0" status="PASS">
          <reporter-output>
          </reporter-output>
        </test-method> <!-- afterMethod -->
      </class> <!-- com.healthCare.executepageclasses.CaptureVitalsTestClass -->
    </test> <!-- Default test -->
  </suite> <!-- Default suite -->
</testng-results>
