<?xml version="1.0" encoding="UTF-8"?>
<testng-results ignored="0" total="2" passed="2" failed="0" skipped="0">
  <reporter-output>
  </reporter-output>
  <suite started-at="2023-08-23T11:12:13 IST" name="Suite" finished-at="2023-08-23T11:12:30 IST" duration-ms="17136">
    <groups>
      <group name="group1">
        <method signature="HomePageTestClass.verifyTheLogoIsDisplayedOrNotInHomePage(java.lang.String,java.lang.String)[pri:0, instance:com.healthCare.executepageclasses.HomePageTestClass@530712d]" name="verifyTheLogoIsDisplayedOrNotInHomePage" class="com.healthCare.executepageclasses.HomePageTestClass"/>
      </group> <!-- group1 -->
    </groups>
    <test started-at="2023-08-23T11:12:13 IST" name="Test" finished-at="2023-08-23T11:12:30 IST" duration-ms="17136">
      <class name="com.healthCare.executepageclasses.HomePageTestClass">
        <test-method is-config="true" signature="createExtendReport(org.testng.ITestContext)[pri:0, instance:com.healthCare.executepageclasses.HomePageTestClass@530712d]" started-at="2023-08-23T11:12:13 IST" name="createExtendReport" finished-at="2023-08-23T11:12:13 IST" duration-ms="20" status="PASS">
          <params>
            <param index="0">
              <value>
                <![CDATA[org.testng.TestRunner@bb8ead8]]>
              </value>
            </param>
          </params>
          <reporter-output>
          </reporter-output>
        </test-method> <!-- createExtendReport -->
        <test-method is-config="true" signature="beforeMethod(java.lang.String)[pri:0, instance:com.healthCare.executepageclasses.HomePageTestClass@530712d]" started-at="2023-08-23T11:12:14 IST" name="beforeMethod" finished-at="2023-08-23T11:12:19 IST" duration-ms="5667" status="PASS">
          <params>
            <param index="0">
              <value>
                <![CDATA[chrome]]>
              </value>
            </param>
          </params>
          <reporter-output>
          </reporter-output>
        </test-method> <!-- beforeMethod -->
        <test-method signature="verifyAllTilesAreDisplayedInHomePage(java.lang.String,java.lang.String)[pri:0, instance:com.healthCare.executepageclasses.HomePageTestClass@530712d]" started-at="2023-08-23T11:12:19 IST" name="verifyAllTilesAreDisplayedInHomePage" data-provider="login" finished-at="2023-08-23T11:12:22 IST" duration-ms="2560" status="PASS">
          <params>
            <param index="0">
              <value>
                <![CDATA[admin]]>
              </value>
            </param>
            <param index="1">
              <value>
                <![CDATA[Admin123]]>
              </value>
            </param>
          </params>
          <reporter-output>
          </reporter-output>
        </test-method> <!-- verifyAllTilesAreDisplayedInHomePage -->
        <test-method is-config="true" signature="afterMethod(org.testng.ITestResult)[pri:0, instance:com.healthCare.executepageclasses.HomePageTestClass@530712d]" started-at="2023-08-23T11:12:22 IST" name="afterMethod" finished-at="2023-08-23T11:12:22 IST" duration-ms="226" status="PASS">
          <params>
            <param index="0">
              <value>
                <![CDATA[[TestResult name=verifyAllTilesAreDisplayedInHomePage status=SUCCESS method=HomePageTestClass.verifyAllTilesAreDisplayedInHomePage(java.lang.String,java.lang.String)[pri:0, instance:com.healthCare.executepageclasses.HomePageTestClass@530712d] output={null}]]]>
              </value>
            </param>
          </params>
          <reporter-output>
          </reporter-output>
        </test-method> <!-- afterMethod -->
        <test-method is-config="true" signature="beforeMethod(java.lang.String)[pri:0, instance:com.healthCare.executepageclasses.HomePageTestClass@530712d]" started-at="2023-08-23T11:12:22 IST" name="beforeMethod" finished-at="2023-08-23T11:12:28 IST" duration-ms="5367" status="PASS">
          <params>
            <param index="0">
              <value>
                <![CDATA[chrome]]>
              </value>
            </param>
          </params>
          <reporter-output>
          </reporter-output>
        </test-method> <!-- beforeMethod -->
        <test-method signature="verifyTheLogoIsDisplayedOrNotInHomePage(java.lang.String,java.lang.String)[pri:0, instance:com.healthCare.executepageclasses.HomePageTestClass@530712d]" started-at="2023-08-23T11:12:28 IST" name="verifyTheLogoIsDisplayedOrNotInHomePage" data-provider="login" finished-at="2023-08-23T11:12:30 IST" duration-ms="2368" status="PASS">
          <params>
            <param index="0">
              <value>
                <![CDATA[admin]]>
              </value>
            </param>
            <param index="1">
              <value>
                <![CDATA[Admin123]]>
              </value>
            </param>
          </params>
          <reporter-output>
          </reporter-output>
        </test-method> <!-- verifyTheLogoIsDisplayedOrNotInHomePage -->
        <test-method is-config="true" signature="afterMethod(org.testng.ITestResult)[pri:0, instance:com.healthCare.executepageclasses.HomePageTestClass@530712d]" started-at="2023-08-23T11:12:30 IST" name="afterMethod" finished-at="2023-08-23T11:12:30 IST" duration-ms="179" status="PASS">
          <params>
            <param index="0">
              <value>
                <![CDATA[[TestResult name=verifyTheLogoIsDisplayedOrNotInHomePage status=SUCCESS method=HomePageTestClass.verifyTheLogoIsDisplayedOrNotInHomePage(java.lang.String,java.lang.String)[pri:0, instance:com.healthCare.executepageclasses.HomePageTestClass@530712d] output={null}]]]>
              </value>
            </param>
          </params>
          <reporter-output>
          </reporter-output>
        </test-method> <!-- afterMethod -->
      </class> <!-- com.healthCare.executepageclasses.HomePageTestClass -->
    </test> <!-- Test -->
  </suite> <!-- Suite -->
</testng-results>
