<?xml version="1.0" encoding="UTF-8"?>
<!-- Generated by org.testng.reporters.JUnitXMLReporter -->
<testsuite ignored="0" hostname="DESKTOP-K4U13B2" failures="1" tests="5" name="Test1" time="37.948" errors="0" timestamp="2023-08-22T15:48:51 IST">
  <testcase classname="com.healthCare.executepageclasses.LoginPageTestClass" name="verifySuccessfulLogin" time="0.0">
    <failure type="java.lang.RuntimeException" message="org.apache.poi.openxml4j.exceptions.NotOfficeXmlFileException: No valid entries or contents found, this is not a valid OOXML (Office Open XML) file">
      <![CDATA[java.lang.RuntimeException: org.apache.poi.openxml4j.exceptions.NotOfficeXmlFileException: No valid entries or contents found, this is not a valid OOXML (Office Open XML) file
at java.base/java.util.ArrayList.forEach(ArrayList.java:1541)
at java.base/java.util.concurrent.FutureTask.run(FutureTask.java:264)
at java.base/java.util.concurrent.ThreadPoolExecutor.runWorker(ThreadPoolExecutor.java:1128)
at java.base/java.util.concurrent.ThreadPoolExecutor$Worker.run(ThreadPoolExecutor.java:628)
at java.base/java.lang.Thread.run(Thread.java:834)
Caused by: org.apache.poi.openxml4j.exceptions.NotOfficeXmlFileException: No valid entries or contents found, this is not a valid OOXML (Office Open XML) file
at org.apache.poi.openxml4j.util.ZipArchiveThresholdInputStream.getNextEntry(ZipArchiveThresholdInputStream.java:156)
at org.apache.poi.openxml4j.util.ZipInputStreamZipEntrySource.<init>(ZipInputStreamZipEntrySource.java:94)
at org.apache.poi.openxml4j.opc.ZipPackage.<init>(ZipPackage.java:132)
at org.apache.poi.openxml4j.opc.OPCPackage.open(OPCPackage.java:319)
at org.apache.poi.ooxml.util.PackageHelper.open(PackageHelper.java:59)
at org.apache.poi.xssf.usermodel.XSSFWorkbook.<init>(XSSFWorkbook.java:290)
at org.apache.poi.xssf.usermodel.XSSFWorkbook.<init>(XSSFWorkbook.java:286)
at com.utilities.ExcelReadClass.getStringData(ExcelReadClass.java:30)
at com.healthCare.executepageclasses.DataProviderClass1.dp1(DataProviderClass1.java:28)
... 19 more
Caused by: java.util.zip.ZipException: Unexpected record signature: 0X1A65A8E7
at org.apache.commons.compress.archivers.zip.ZipArchiveInputStream.getNextZipEntry(ZipArchiveInputStream.java:296)
at org.apache.poi.openxml4j.util.ZipArchiveThresholdInputStream.getNextEntry(ZipArchiveThresholdInputStream.java:152)
... 34 more
... Removed 22 stack frames]]>
    </failure>
  </testcase> <!-- verifySuccessfulLogin -->
  <testcase classname="com.healthCare.executepageclasses.LoginPageTestClass" name="verifyTheCorrectSiteIsLoadedWhileHittingTheURL" time="0.181"/>
  <testcase classname="com.healthCare.executepageclasses.LoginPageTestClass" name="verifyUnsuccessfulLogin" time="1.657"/>
  <testcase classname="com.healthCare.executepageclasses.LoginPageTestClass" name="verifyUnsuccessfulLogin" time="1.839"/>
  <testcase classname="com.healthCare.executepageclasses.LoginPageTestClass" name="verifyUnsuccessfulLogin" time="1.66"/>
</testsuite> <!-- Test1 -->
