<?xml version="1.0" encoding="UTF-8"?>
<!-- Generated by org.testng.reporters.JUnitXMLReporter -->
<testsuite ignored="0" hostname="DESKTOP-K4U13B2" failures="0" tests="2" name="Test" time="17.136" errors="0" timestamp="2023-08-23T11:12:30 IST">
  <testcase classname="com.healthCare.executepageclasses.HomePageTestClass" name="verifyAllTilesAreDisplayedInHomePage" time="2.56"/>
  <testcase classname="com.healthCare.executepageclasses.HomePageTestClass" name="verifyTheLogoIsDisplayedOrNotInHomePage" time="2.368"/>
</testsuite> <!-- Test -->
